Nov 20, 2020 1:19:05 PM org.apache.catalina.startup.VersionLoggerListener log
INFO: Server version name:   Apache Tomcat/9.0.40
Nov 20, 2020 1:19:05 PM org.apache.catalina.startup.VersionLoggerListener log
INFO: Server built:          Nov 12 2020 15:35:02 UTC
Nov 20, 2020 1:19:05 PM org.apache.catalina.startup.VersionLoggerListener log
INFO: Server version number: 9.0.40.0
Nov 20, 2020 1:19:05 PM org.apache.catalina.startup.VersionLoggerListener log
INFO: OS Name:               Windows 10
Nov 20, 2020 1:19:05 PM org.apache.catalina.startup.VersionLoggerListener log
INFO: OS Version:            10.0
Nov 20, 2020 1:19:05 PM org.apache.catalina.startup.VersionLoggerListener log
INFO: Architecture:          amd64
Nov 20, 2020 1:19:05 PM org.apache.catalina.startup.VersionLoggerListener log
INFO: Java Home:             C:\Program Files\Java\jdk1.8.0_241\jre
Nov 20, 2020 1:19:05 PM org.apache.catalina.startup.VersionLoggerListener log
INFO: JVM Version:           1.8.0_241-b07
Nov 20, 2020 1:19:05 PM org.apache.catalina.startup.VersionLoggerListener log
INFO: JVM Vendor:            Oracle Corporation
Nov 20, 2020 1:19:05 PM org.apache.catalina.startup.VersionLoggerListener log
INFO: CATALINA_BASE:         C:\Users\pakki\AppData\Local\Temp\cargo\conf
Nov 20, 2020 1:19:05 PM org.apache.catalina.startup.VersionLoggerListener log
INFO: CATALINA_HOME:         C:\Tools\apache-tomcat-9.0.40
Nov 20, 2020 1:19:05 PM org.apache.catalina.startup.VersionLoggerListener log
INFO: Command line argument: -Xms128m
Nov 20, 2020 1:19:05 PM org.apache.catalina.startup.VersionLoggerListener log
INFO: Command line argument: -Xmx512m
Nov 20, 2020 1:19:05 PM org.apache.catalina.startup.VersionLoggerListener log
INFO: Command line argument: -Dcatalina.home=C:\Tools\apache-tomcat-9.0.40
Nov 20, 2020 1:19:05 PM org.apache.catalina.startup.VersionLoggerListener log
INFO: Command line argument: -Dcatalina.base=C:\Users\pakki\AppData\Local\Temp\cargo\conf
Nov 20, 2020 1:19:05 PM org.apache.catalina.startup.VersionLoggerListener log
INFO: Command line argument: -Djava.io.tmpdir=C:\Users\pakki\AppData\Local\Temp\cargo\conf\temp
Nov 20, 2020 1:19:05 PM org.apache.catalina.startup.VersionLoggerListener log
INFO: Command line argument: -Djava.util.logging.manager=org.apache.juli.ClassLoaderLogManager
Nov 20, 2020 1:19:05 PM org.apache.catalina.startup.VersionLoggerListener log
INFO: Command line argument: -Djava.util.logging.config.file=C:\Users\pakki\AppData\Local\Temp\cargo\conf\conf/logging.properties
Nov 20, 2020 1:19:05 PM org.apache.catalina.core.AprLifecycleListener lifecycleEvent
INFO: Loaded Apache Tomcat Native library [1.2.25] using APR version [1.7.0].
Nov 20, 2020 1:19:05 PM org.apache.catalina.core.AprLifecycleListener lifecycleEvent
INFO: APR capabilities: IPv6 [true], sendfile [true], accept filters [false], random [true].
Nov 20, 2020 1:19:05 PM org.apache.catalina.core.AprLifecycleListener lifecycleEvent
INFO: APR/OpenSSL configuration: useAprConnector [false], useOpenSSL [true]
Nov 20, 2020 1:19:05 PM org.apache.catalina.core.AprLifecycleListener initializeSSL
INFO: OpenSSL successfully initialized [OpenSSL 1.1.1g  21 Apr 2020]
Nov 20, 2020 1:19:05 PM org.apache.coyote.AbstractProtocol init
INFO: Initializing ProtocolHandler ["http-nio-8081"]
Nov 20, 2020 1:19:06 PM org.apache.catalina.startup.Catalina load
INFO: Server initialization in [719] milliseconds
Nov 20, 2020 1:19:06 PM org.apache.catalina.core.StandardService startInternal
INFO: Starting service [Catalina]
Nov 20, 2020 1:19:06 PM org.apache.catalina.core.StandardEngine startInternal
INFO: Starting Servlet engine: [Apache Tomcat/9.0.40]
Nov 20, 2020 1:19:06 PM org.apache.catalina.startup.HostConfig deployWAR
INFO: Deploying web application archive [C:\Users\pakki\AppData\Local\Temp\cargo\conf\webapps\cargocpc.war]
Nov 20, 2020 1:19:06 PM org.apache.catalina.startup.HostConfig deployWAR
INFO: Deployment of web application archive [C:\Users\pakki\AppData\Local\Temp\cargo\conf\webapps\cargocpc.war] has finished in [218] ms
Nov 20, 2020 1:19:06 PM org.apache.catalina.startup.HostConfig deployWAR
INFO: Deploying web application archive [C:\Users\pakki\AppData\Local\Temp\cargo\conf\webapps\Servlets.war]
Nov 20, 2020 1:19:06 PM org.apache.jasper.servlet.TldScanner scanJars
INFO: At least one JAR was scanned for TLDs yet contained no TLDs. Enable debug logging for this logger for a complete list of JARs that were scanned but no TLDs were found in them. Skipping unneeded JARs during scanning can improve startup time and JSP compilation time.
Nov 20, 2020 1:19:06 PM org.apache.catalina.startup.HostConfig deployWAR
INFO: Deployment of web application archive [C:\Users\pakki\AppData\Local\Temp\cargo\conf\webapps\Servlets.war] has finished in [84] ms
Nov 20, 2020 1:19:06 PM org.apache.catalina.startup.HostConfig deployDirectory
INFO: Deploying web application directory [C:\Users\pakki\AppData\Local\Temp\cargo\conf\webapps\host-manager]
Nov 20, 2020 1:19:06 PM org.apache.catalina.startup.HostConfig deployDirectory
INFO: Deployment of web application directory [C:\Users\pakki\AppData\Local\Temp\cargo\conf\webapps\host-manager] has finished in [33] ms
Nov 20, 2020 1:19:06 PM org.apache.catalina.startup.HostConfig deployDirectory
INFO: Deploying web application directory [C:\Users\pakki\AppData\Local\Temp\cargo\conf\webapps\manager]
Nov 20, 2020 1:19:06 PM org.apache.catalina.startup.HostConfig deployDirectory
INFO: Deployment of web application directory [C:\Users\pakki\AppData\Local\Temp\cargo\conf\webapps\manager] has finished in [25] ms
Nov 20, 2020 1:19:06 PM org.apache.coyote.AbstractProtocol start
INFO: Starting ProtocolHandler ["http-nio-8081"]
Nov 20, 2020 1:19:06 PM org.apache.catalina.startup.Catalina start
INFO: Server startup in [416] milliseconds
Nov 20, 2020 3:09:07 PM org.apache.catalina.startup.Catalina stopServer
SEVERE: Could not contact [localhost:8071] (base port [8071] and offset [0]). Tomcat may not be running.
Nov 20, 2020 3:09:07 PM org.apache.catalina.startup.Catalina stopServer
SEVERE: Error stopping Catalina
java.net.ConnectException: Connection refused: connect
	at java.net.DualStackPlainSocketImpl.connect0(Native Method)
	at java.net.DualStackPlainSocketImpl.socketConnect(DualStackPlainSocketImpl.java:79)
	at java.net.AbstractPlainSocketImpl.doConnect(AbstractPlainSocketImpl.java:350)
	at java.net.AbstractPlainSocketImpl.connectToAddress(AbstractPlainSocketImpl.java:206)
	at java.net.AbstractPlainSocketImpl.connect(AbstractPlainSocketImpl.java:188)
	at java.net.PlainSocketImpl.connect(PlainSocketImpl.java:172)
	at java.net.SocksSocketImpl.connect(SocksSocketImpl.java:392)
	at java.net.Socket.connect(Socket.java:606)
	at java.net.Socket.connect(Socket.java:555)
	at java.net.Socket.<init>(Socket.java:451)
	at java.net.Socket.<init>(Socket.java:228)
	at org.apache.catalina.startup.Catalina.stopServer(Catalina.java:667)
	at sun.reflect.NativeMethodAccessorImpl.invoke0(Native Method)
	at sun.reflect.NativeMethodAccessorImpl.invoke(NativeMethodAccessorImpl.java:62)
	at sun.reflect.DelegatingMethodAccessorImpl.invoke(DelegatingMethodAccessorImpl.java:43)
	at java.lang.reflect.Method.invoke(Method.java:498)
	at org.apache.catalina.startup.Bootstrap.stopServer(Bootstrap.java:388)
	at org.apache.catalina.startup.Bootstrap.main(Bootstrap.java:478)

